<?xml version="1.0" encoding="UTF-8"?>
<testsuite xmlns:xsi="http://www.w3.org/2001/XMLSchema-instance" xsi:noNamespaceSchemaLocation="https://maven.apache.org/surefire/maven-surefire-plugin/xsd/surefire-test-report.xsd" version="3.0.2" name="io.apptales.minipos.MiniposApplicationTests" time="5.609" tests="1" errors="0" skipped="0" failures="0">
  <properties>
[...]
</properties>
  <testcase name="contextLoads" classname="io.apptales.minipos.MiniposApplicationTests" time="0.911">
    <system-out><![CDATA[20:30:09.821 [main] INFO org.springframework.test.context.support.AnnotationConfigContextLoaderUtils -- Could not detect default configuration classes for test class [io.apptales.minipos.MiniposApplicationTests]: MiniposApplicationTests does not declare any static, non-private, non-final, nested classes annotated with @Configuration.
20:30:09.981 [main] INFO org.springframework.boot.test.context.SpringBootTestContextBootstrapper -- Found @SpringBootConfiguration io.apptales.minipos.MiniposApplication for test class io.apptales.minipos.MiniposApplicationTests
20:30:10.191 [main] INFO org.springframework.boot.devtools.restart.RestartApplicationListener -- Restart disabled due to context in which it is running

  .   ____          _            __ _ _
 /\\ / ___'_ __ _ _(_)_ __  __ _ \ \ \ \
( ( )\___ | '_ | '_| | '_ \/ _` | \ \ \ \
 \\/  ___)| |_)| | | | | || (_| |  ) ) ) )
  '  |____| .__|_| |_|_| |_\__, | / / / /
 =========|_|==============|___/=/_/_/_/

 :: Spring Boot ::                (v3.4.1)

2024-12-23T20:30:10.657+03:00  INFO 5679 --- [minipos] [           main] i.a.minipos.MiniposApplicationTests      : Starting MiniposApplicationTests using Java 17.0.13 with PID 5679 (started by root in /home/whosdev/Downloads/minipos(1)/minipos)
2024-12-23T20:30:10.659+03:00  INFO 5679 --- [minipos] [           main] i.a.minipos.MiniposApplicationTests      : No active profile set, falling back to 1 default profile: "default"
2024-12-23T20:30:11.385+03:00  INFO 5679 --- [minipos] [           main] .s.d.r.c.RepositoryConfigurationDelegate : Bootstrapping Spring Data MongoDB repositories in DEFAULT mode.
2024-12-23T20:30:11.612+03:00  INFO 5679 --- [minipos] [           main] .s.d.r.c.RepositoryConfigurationDelegate : Finished Spring Data repository scanning in 215 ms. Found 2 MongoDB repository interfaces.
2024-12-23T20:30:12.518+03:00  INFO 5679 --- [minipos] [           main] org.mongodb.driver.client                : MongoClient with metadata {"driver": {"name": "mongo-java-driver|sync|spring-boot", "version": "5.2.1"}, "os": {"type": "Linux", "name": "Linux", "architecture": "amd64", "version": "6.8.0-51-generic"}, "platform": "Java/Ubuntu/17.0.13+11-Ubuntu-2ubuntu124.04"} created with settings MongoClientSettings{readPreference=primary, writeConcern=WriteConcern{w=null, wTimeout=null ms, journal=null}, retryWrites=true, retryReads=true, readConcern=ReadConcern{level=null}, credential=null, transportSettings=null, commandListeners=[], codecRegistry=ProvidersCodecRegistry{codecProviders=[ValueCodecProvider{}, BsonValueCodecProvider{}, DBRefCodecProvider{}, DBObjectCodecProvider{}, DocumentCodecProvider{}, CollectionCodecProvider{}, IterableCodecProvider{}, MapCodecProvider{}, GeoJsonCodecProvider{}, GridFSFileCodecProvider{}, Jsr310CodecProvider{}, JsonObjectCodecProvider{}, BsonCodecProvider{}, EnumCodecProvider{}, com.mongodb.client.model.mql.ExpressionCodecProvider@9b47400, com.mongodb.Jep395RecordCodecProvider@747835f5, com.mongodb.KotlinCodecProvider@594131f2]}, loggerSettings=LoggerSettings{maxDocumentLength=1000}, clusterSettings={hosts=[localhost:27017], srvServiceName=mongodb, mode=SINGLE, requiredClusterType=UNKNOWN, requiredReplicaSetName='null', serverSelector='null', clusterListeners='[]', serverSelectionTimeout='30000 ms', localThreshold='15 ms'}, socketSettings=SocketSettings{connectTimeoutMS=10000, readTimeoutMS=0, receiveBufferSize=0, proxySettings=ProxySettings{host=null, port=null, username=null, password=null}}, heartbeatSocketSettings=SocketSettings{connectTimeoutMS=10000, readTimeoutMS=10000, receiveBufferSize=0, proxySettings=ProxySettings{host=null, port=null, username=null, password=null}}, connectionPoolSettings=ConnectionPoolSettings{maxSize=100, minSize=0, maxWaitTimeMS=120000, maxConnectionLifeTimeMS=0, maxConnectionIdleTimeMS=0, maintenanceInitialDelayMS=0, maintenanceFrequencyMS=60000, connectionPoolListeners=[], maxConnecting=2}, serverSettings=ServerSettings{heartbeatFrequencyMS=10000, minHeartbeatFrequencyMS=500, serverMonitoringMode=AUTO, serverListeners='[]', serverMonitorListeners='[]'}, sslSettings=SslSettings{enabled=false, invalidHostNameAllowed=false, context=null}, applicationName='null', compressorList=[], uuidRepresentation=JAVA_LEGACY, serverApi=null, autoEncryptionSettings=null, dnsClient=null, inetAddressResolver=null, contextProvider=null, timeoutMS=null}
2024-12-23T20:30:12.556+03:00  INFO 5679 --- [minipos] [localhost:27017] org.mongodb.driver.cluster               : Monitor thread successfully connected to server with description ServerDescription{address=localhost:27017, type=STANDALONE, cryptd=false, state=CONNECTED, ok=true, minWireVersion=0, maxWireVersion=25, maxDocumentSize=16777216, logicalSessionTimeoutMinutes=30, roundTripTimeNanos=24363523, minRoundTripTimeNanos=0}
2024-12-23T20:30:13.785+03:00  INFO 5679 --- [minipos] [           main] efaultSchemaResourceGraphQlSourceBuilder : Loaded 2 resource(s) in the GraphQL schema.
2024-12-23T20:30:14.046+03:00  INFO 5679 --- [minipos] [           main] o.s.b.a.g.GraphQlAutoConfiguration       : GraphQL schema inspection:
	Unmapped fields: {Mutation=[deleteProduct]}
	Unmapped registrations: {}
	Unmapped arguments: {}
	Skipped types: []
2024-12-23T20:30:14.079+03:00  INFO 5679 --- [minipos] [           main] s.b.a.g.s.GraphQlWebMvcAutoConfiguration : GraphQL endpoint HTTP POST /graphql
2024-12-23T20:30:14.285+03:00  INFO 5679 --- [minipos] [           main] i.a.minipos.MiniposApplicationTests      : Started MiniposApplicationTests in 4.108 seconds (process running for 5.364)
]]></system-out>
  </testcase>
</testsuite>